[2022-04-21 10:26:52] local.ERROR: SQLSTATE[HY000] [2002] No connection could be made because the target machine actively refused it.
 (SQL: select * from `users` where `email` = kurniaagungzzz23@gmail.com limit 1) {"exception":"[object] (Illuminate\\Database\\QueryException(code: 2002): SQLSTATE[HY000] [2002] No connection could be made because the target machine actively refused it.
 (SQL: select * from `users` where `email` = kurniaagungzzz23@gmail.com limit 1) at D:\\Kuliah\\SEMESTER 8 'n' SKRIPSI\\PEMROGRAMAN WEB LANJUT\\baru\\laravel-sb-admin-2-master\\laravel-sb-admin-2-master\\vendor\\laravel\\framework\\src\\Illuminate\\Database\\Connection.php:712)
[stacktrace]
#0 D:\\Kuliah\\SEMESTER 8 'n' SKRIPSI\\PEMROGRAMAN WEB LANJUT\\baru\\laravel-sb-admin-2-master\\laravel-sb-admin-2-master\\vendor\\laravel\\framework\\src\\Illuminate\\Database\\Connection.php(672): Illuminate\\Database\\Connection->runQueryCallback()
#1 D:\\Kuliah\\SEMESTER 8 'n' SKRIPSI\\PEMROGRAMAN WEB LANJUT\\baru\\laravel-sb-admin-2-master\\laravel-sb-admin-2-master\\vendor\\laravel\\framework\\src\\Illuminate\\Database\\Connection.php(376): Illuminate\\Database\\Connection->run()
#2 D:\\Kuliah\\SEMESTER 8 'n' SKRIPSI\\PEMROGRAMAN WEB LANJUT\\baru\\laravel-sb-admin-2-master\\laravel-sb-admin-2-master\\vendor\\laravel\\framework\\src\\Illuminate\\Database\\Query\\Builder.php(2414): Illuminate\\Database\\Connection->select()
#3 D:\\Kuliah\\SEMESTER 8 'n' SKRIPSI\\PEMROGRAMAN WEB LANJUT\\baru\\laravel-sb-admin-2-master\\laravel-sb-admin-2-master\\vendor\\laravel\\framework\\src\\Illuminate\\Database\\Query\\Builder.php(2402): Illuminate\\Database\\Query\\Builder->runSelect()
#4 D:\\Kuliah\\SEMESTER 8 'n' SKRIPSI\\PEMROGRAMAN WEB LANJUT\\baru\\laravel-sb-admin-2-master\\laravel-sb-admin-2-master\\vendor\\laravel\\framework\\src\\Illuminate\\Database\\Query\\Builder.php(2936): Illuminate\\Database\\Query\\Builder->Illuminate\\Database\\Query\\{closure}()
#5 D:\\Kuliah\\SEMESTER 8 'n' SKRIPSI\\PEMROGRAMAN WEB LANJUT\\baru\\laravel-sb-admin-2-master\\laravel-sb-admin-2-master\\vendor\\laravel\\framework\\src\\Illuminate\\Database\\Query\\Builder.php(2403): Illuminate\\Database\\Query\\Builder->onceWithColumns()
#6 D:\\Kuliah\\SEMESTER 8 'n' SKRIPSI\\PEMROGRAMAN WEB LANJUT\\baru\\laravel-sb-admin-2-master\\laravel-sb-admin-2-master\\vendor\\laravel\\framework\\src\\Illuminate\\Database\\Eloquent\\Builder.php(625): Illuminate\\Database\\Query\\Builder->get()
#7 D:\\Kuliah\\SEMESTER 8 'n' SKRIPSI\\PEMROGRAMAN WEB LANJUT\\baru\\laravel-sb-admin-2-master\\laravel-sb-admin-2-master\\vendor\\laravel\\framework\\src\\Illuminate\\Database\\Eloquent\\Builder.php(609): Illuminate\\Database\\Eloquent\\Builder->getModels()
#8 D:\\Kuliah\\SEMESTER 8 'n' SKRIPSI\\PEMROGRAMAN WEB LANJUT\\baru\\laravel-sb-admin-2-master\\laravel-sb-admin-2-master\\vendor\\laravel\\framework\\src\\Illuminate\\Database\\Concerns\\BuildsQueries.php(294): Illuminate\\Database\\Eloquent\\Builder->get()
#9 D:\\Kuliah\\SEMESTER 8 'n' SKRIPSI\\PEMROGRAMAN WEB LANJUT\\baru\\laravel-sb-admin-2-master\\laravel-sb-admin-2-master\\vendor\\laravel\\framework\\src\\Illuminate\\Auth\\EloquentUserProvider.php(134): Illuminate\\Database\\Eloquent\\Builder->first()
#10 D:\\Kuliah\\SEMESTER 8 'n' SKRIPSI\\PEMROGRAMAN WEB LANJUT\\baru\\laravel-sb-admin-2-master\\laravel-sb-admin-2-master\\vendor\\laravel\\framework\\src\\Illuminate\\Auth\\SessionGuard.php(366): Illuminate\\Auth\\EloquentUserProvider->retrieveByCredentials()
#11 D:\\Kuliah\\SEMESTER 8 'n' SKRIPSI\\PEMROGRAMAN WEB LANJUT\\baru\\laravel-sb-admin-2-master\\laravel-sb-admin-2-master\\vendor\\laravel\\ui\\auth-backend\\AuthenticatesUsers.php(87): Illuminate\\Auth\\SessionGuard->attempt()
#12 D:\\Kuliah\\SEMESTER 8 'n' SKRIPSI\\PEMROGRAMAN WEB LANJUT\\baru\\laravel-sb-admin-2-master\\laravel-sb-admin-2-master\\vendor\\laravel\\ui\\auth-backend\\AuthenticatesUsers.php(46): App\\Http\\Controllers\\Auth\\LoginController->attemptLogin()
#13 D:\\Kuliah\\SEMESTER 8 'n' SKRIPSI\\PEMROGRAMAN WEB LANJUT\\baru\\laravel-sb-admin-2-master\\laravel-sb-admin-2-master\\vendor\\laravel\\framework\\src\\Illuminate\\Routing\\Controller.php(54): App\\Http\\Controllers\\Auth\\LoginController->login()
#14 D:\\Kuliah\\SEMESTER 8 'n' SKRIPSI\\PEMROGRAMAN WEB LANJUT\\baru\\laravel-sb-admin-2-master\\laravel-sb-admin-2-master\\vendor\\laravel\\framework\\src\\Illuminate\\Routing\\ControllerDispatcher.php(45): Illuminate\\Routing\\Controller->callAction()
#15 D:\\Kuliah\\SEMESTER 8 'n' SKRIPSI\\PEMROGRAMAN WEB LANJUT\\baru\\laravel-sb-admin-2-master\\laravel-sb-admin-2-master\\vendor\\laravel\\framework\\src\\Illuminate\\Routing\\Route.php(262): Illuminate\\Routing\\ControllerDispatcher->dispatch()
#16 D:\\Kuliah\\SEMESTER 8 'n' SKRIPSI\\PEMROGRAMAN WEB LANJUT\\baru\\laravel-sb-admin-2-master\\laravel-sb-admin-2-master\\vendor\\laravel\\framework\\src\\Illuminate\\Routing\\Route.php(205): Illuminate\\Routing\\Route->runController()
#17 D:\\Kuliah\\SEMESTER 8 'n' SKRIPSI\\PEMROGRAMAN WEB LANJUT\\baru\\laravel-sb-admin-2-master\\laravel-sb-admin-2-master\\vendor\\laravel\\framework\\src\\Illuminate\\Routing\\Router.php(721): Illuminate\\Routing\\Route->run()
#18 D:\\Kuliah\\SEMESTER 8 'n' SKRIPSI\\PEMROGRAMAN WEB LANJUT\\baru\\laravel-sb-admin-2-master\\laravel-sb-admin-2-master\\vendor\\laravel\\framework\\src\\Illuminate\\Pipeline\\Pipeline.php(128): Illuminate\\Routing\\Router->Illuminate\\Routing\\{closure}()
#19 D:\\Kuliah\\SEMESTER 8 'n' SKRIPSI\\PEMROGRAMAN WEB LANJUT\\baru\\laravel-sb-admin-2-master\\laravel-sb-admin-2-master\\app\\Http\\Middleware\\RedirectIfAuthenticated.php(25): Illuminate\\Pipeline\\Pipeline->Illuminate\\Pipeline\\{closure}()
#20 D:\\Kuliah\\SEMESTER 8 'n' SKRIPSI\\PEMROGRAMAN WEB LANJUT\\baru\\laravel-sb-admin-2-master\\laravel-sb-admin-2-master\\vendor\\laravel\\framework\\src\\Illuminate\\Pipeline\\Pipeline.php(167): App\\Http\\Middleware\\RedirectIfAuthenticated->handle()
#21 D:\\Kuliah\\SEMESTER 8 'n' SKRIPSI\\PEMROGRAMAN WEB LANJUT\\baru\\laravel-sb-admin-2-master\\laravel-sb-admin-2-master\\vendor\\laravel\\framework\\src\\Illuminate\\Routing\\Middleware\\SubstituteBindings.php(50): Illuminate\\Pipeline\\Pipeline->Illuminate\\Pipeline\\{closure}()
#22 D:\\Kuliah\\SEMESTER 8 'n' SKRIPSI\\PEMROGRAMAN WEB LANJUT\\baru\\laravel-sb-admin-2-master\\laravel-sb-admin-2-master\\vendor\\laravel\\framework\\src\\Illuminate\\Pipeline\\Pipeline.php(167): Illuminate\\Routing\\Middleware\\SubstituteBindings->handle()
#23 D:\\Kuliah\\SEMESTER 8 'n' SKRIPSI\\PEMROGRAMAN WEB LANJUT\\baru\\laravel-sb-admin-2-master\\laravel-sb-admin-2-master\\vendor\\laravel\\framework\\src\\Illuminate\\Foundation\\Http\\Middleware\\VerifyCsrfToken.php(78): Illuminate\\Pipeline\\Pipeline->Illuminate\\Pipeline\\{closure}()
#24 D:\\Kuliah\\SEMESTER 8 'n' SKRIPSI\\PEMROGRAMAN WEB LANJUT\\baru\\laravel-sb-admin-2-master\\laravel-sb-admin-2-master\\vendor\\laravel\\framework\\src\\Illuminate\\Pipeline\\Pipeline.php(167): Illuminate\\Foundation\\Http\\Middleware\\VerifyCsrfToken->handle()
#25 D:\\Kuliah\\SEMESTER 8 'n' SKRIPSI\\PEMROGRAMAN WEB LANJUT\\baru\\laravel-sb-admin-2-master\\laravel-sb-admin-2-master\\vendor\\laravel\\framework\\src\\Illuminate\\View\\Middleware\\ShareErrorsFromSession.php(49): Illuminate\\Pipeline\\Pipeline->Illuminate\\Pipeline\\{closure}()
#26 D:\\Kuliah\\SEMESTER 8 'n' SKRIPSI\\PEMROGRAMAN WEB LANJUT\\baru\\laravel-sb-admin-2-master\\laravel-sb-admin-2-master\\vendor\\laravel\\framework\\src\\Illuminate\\Pipeline\\Pipeline.php(167): Illuminate\\View\\Middleware\\ShareErrorsFromSession->handle()
#27 D:\\Kuliah\\SEMESTER 8 'n' SKRIPSI\\PEMROGRAMAN WEB LANJUT\\baru\\laravel-sb-admin-2-master\\laravel-sb-admin-2-master\\vendor\\laravel\\framework\\src\\Illuminate\\Session\\Middleware\\StartSession.php(121): Illuminate\\Pipeline\\Pipeline->Illuminate\\Pipeline\\{closure}()
#28 D:\\Kuliah\\SEMESTER 8 'n' SKRIPSI\\PEMROGRAMAN WEB LANJUT\\baru\\laravel-sb-admin-2-master\\laravel-sb-admin-2-master\\vendor\\laravel\\framework\\src\\Illuminate\\Session\\Middleware\\StartSession.php(64): Illuminate\\Session\\Middleware\\StartSession->handleStatefulRequest()
#29 D:\\Kuliah\\SEMESTER 8 'n' SKRIPSI\\PEMROGRAMAN WEB LANJUT\\baru\\laravel-sb-admin-2-master\\laravel-sb-admin-2-master\\vendor\\laravel\\framework\\src\\Illuminate\\Pipeline\\Pipeline.php(167): Illuminate\\Session\\Middleware\\StartSession->handle()
#30 D:\\Kuliah\\SEMESTER 8 'n' SKRIPSI\\PEMROGRAMAN WEB LANJUT\\baru\\laravel-sb-admin-2-master\\laravel-sb-admin-2-master\\vendor\\laravel\\framework\\src\\Illuminate\\Cookie\\Middleware\\AddQueuedCookiesToResponse.php(37): Illuminate\\Pipeline\\Pipeline->Illuminate\\Pipeline\\{closure}()
#31 D:\\Kuliah\\SEMESTER 8 'n' SKRIPSI\\PEMROGRAMAN WEB LANJUT\\baru\\laravel-sb-admin-2-master\\laravel-sb-admin-2-master\\vendor\\laravel\\framework\\src\\Illuminate\\Pipeline\\Pipeline.php(167): Illuminate\\Cookie\\Middleware\\AddQueuedCookiesToResponse->handle()
#32 D:\\Kuliah\\SEMESTER 8 'n' SKRIPSI\\PEMROGRAMAN WEB LANJUT\\baru\\laravel-sb-admin-2-master\\laravel-sb-admin-2-master\\vendor\\laravel\\framework\\src\\Illuminate\\Cookie\\Middleware\\EncryptCookies.php(67): Illuminate\\Pipeline\\Pipeline->Illuminate\\Pipeline\\{closure}()
#33 D:\\Kuliah\\SEMESTER 8 'n' SKRIPSI\\PEMROGRAMAN WEB LANJUT\\baru\\laravel-sb-admin-2-master\\laravel-sb-admin-2-master\\vendor\\laravel\\framework\\src\\Illuminate\\Pipeline\\Pipeline.php(167): Illuminate\\Cookie\\Middleware\\EncryptCookies->handle()
#34 D:\\Kuliah\\SEMESTER 8 'n' SKRIPSI\\PEMROGRAMAN WEB LANJUT\\baru\\laravel-sb-admin-2-master\\laravel-sb-admin-2-master\\vendor\\laravel\\framework\\src\\Illuminate\\Pipeline\\Pipeline.php(103): Illuminate\\Pipeline\\Pipeline->Illuminate\\Pipeline\\{closure}()
#35 D:\\Kuliah\\SEMESTER 8 'n' SKRIPSI\\PEMROGRAMAN WEB LANJUT\\baru\\laravel-sb-admin-2-master\\laravel-sb-admin-2-master\\vendor\\laravel\\framework\\src\\Illuminate\\Routing\\Router.php(723): Illuminate\\Pipeline\\Pipeline->then()
#36 D:\\Kuliah\\SEMESTER 8 'n' SKRIPSI\\PEMROGRAMAN WEB LANJUT\\baru\\laravel-sb-admin-2-master\\laravel-sb-admin-2-master\\vendor\\laravel\\framework\\src\\Illuminate\\Routing\\Router.php(698): Illuminate\\Routing\\Router->runRouteWithinStack()
#37 D:\\Kuliah\\SEMESTER 8 'n' SKRIPSI\\PEMROGRAMAN WEB LANJUT\\baru\\laravel-sb-admin-2-master\\laravel-sb-admin-2-master\\vendor\\laravel\\framework\\src\\Illuminate\\Routing\\Router.php(662): Illuminate\\Routing\\Router->runRoute()
#38 D:\\Kuliah\\SEMESTER 8 'n' SKRIPSI\\PEMROGRAMAN WEB LANJUT\\baru\\laravel-sb-admin-2-master\\laravel-sb-admin-2-master\\vendor\\laravel\\framework\\src\\Illuminate\\Routing\\Router.php(651): Illuminate\\Routing\\Router->dispatchToRoute()
#39 D:\\Kuliah\\SEMESTER 8 'n' SKRIPSI\\PEMROGRAMAN WEB LANJUT\\baru\\laravel-sb-admin-2-master\\laravel-sb-admin-2-master\\vendor\\laravel\\framework\\src\\Illuminate\\Foundation\\Http\\Kernel.php(167): Illuminate\\Routing\\Router->dispatch()
#40 D:\\Kuliah\\SEMESTER 8 'n' SKRIPSI\\PEMROGRAMAN WEB LANJUT\\baru\\laravel-sb-admin-2-master\\laravel-sb-admin-2-master\\vendor\\laravel\\framework\\src\\Illuminate\\Pipeline\\Pipeline.php(128): Illuminate\\Foundation\\Http\\Kernel->Illuminate\\Foundation\\Http\\{closure}()
#41 D:\\Kuliah\\SEMESTER 8 'n' SKRIPSI\\PEMROGRAMAN WEB LANJUT\\baru\\laravel-sb-admin-2-master\\laravel-sb-admin-2-master\\vendor\\laravel\\framework\\src\\Illuminate\\Foundation\\Http\\Middleware\\TransformsRequest.php(21): Illuminate\\Pipeline\\Pipeline->Illuminate\\Pipeline\\{closure}()
#42 D:\\Kuliah\\SEMESTER 8 'n' SKRIPSI\\PEMROGRAMAN WEB LANJUT\\baru\\laravel-sb-admin-2-master\\laravel-sb-admin-2-master\\vendor\\laravel\\framework\\src\\Illuminate\\Foundation\\Http\\Middleware\\ConvertEmptyStringsToNull.php(31): Illuminate\\Foundation\\Http\\Middleware\\TransformsRequest->handle()
#43 D:\\Kuliah\\SEMESTER 8 'n' SKRIPSI\\PEMROGRAMAN WEB LANJUT\\baru\\laravel-sb-admin-2-master\\laravel-sb-admin-2-master\\vendor\\laravel\\framework\\src\\Illuminate\\Pipeline\\Pipeline.php(167): Illuminate\\Foundation\\Http\\Middleware\\ConvertEmptyStringsToNull->handle()
#44 D:\\Kuliah\\SEMESTER 8 'n' SKRIPSI\\PEMROGRAMAN WEB LANJUT\\baru\\laravel-sb-admin-2-master\\laravel-sb-admin-2-master\\vendor\\laravel\\framework\\src\\Illuminate\\Foundation\\Http\\Middleware\\TransformsRequest.php(21): Illuminate\\Pipeline\\Pipeline->Illuminate\\Pipeline\\{closure}()
#45 D:\\Kuliah\\SEMESTER 8 'n' SKRIPSI\\PEMROGRAMAN WEB LANJUT\\baru\\laravel-sb-admin-2-master\\laravel-sb-admin-2-master\\vendor\\laravel\\framework\\src\\Illuminate\\Foundation\\Http\\Middleware\\TrimStrings.php(40): Illuminate\\Foundation\\Http\\Middleware\\TransformsRequest->handle()
#46 D:\\Kuliah\\SEMESTER 8 'n' SKRIPSI\\PEMROGRAMAN WEB LANJUT\\baru\\laravel-sb-admin-2-master\\laravel-sb-admin-2-master\\vendor\\laravel\\framework\\src\\Illuminate\\Pipeline\\Pipeline.php(167): Illuminate\\Foundation\\Http\\Middleware\\TrimStrings->handle()
#47 D:\\Kuliah\\SEMESTER 8 'n' SKRIPSI\\PEMROGRAMAN WEB LANJUT\\baru\\laravel-sb-admin-2-master\\laravel-sb-admin-2-master\\vendor\\laravel\\framework\\src\\Illuminate\\Foundation\\Http\\Middleware\\ValidatePostSize.php(27): Illuminate\\Pipeline\\Pipeline->Illuminate\\Pipeline\\{closure}()
#48 D:\\Kuliah\\SEMESTER 8 'n' SKRIPSI\\PEMROGRAMAN WEB LANJUT\\baru\\laravel-sb-admin-2-master\\laravel-sb-admin-2-master\\vendor\\laravel\\framework\\src\\Illuminate\\Pipeline\\Pipeline.php(167): Illuminate\\Foundation\\Http\\Middleware\\ValidatePostSize->handle()
#49 D:\\Kuliah\\SEMESTER 8 'n' SKRIPSI\\PEMROGRAMAN WEB LANJUT\\baru\\laravel-sb-admin-2-master\\laravel-sb-admin-2-master\\vendor\\laravel\\framework\\src\\Illuminate\\Foundation\\Http\\Middleware\\PreventRequestsDuringMaintenance.php(86): Illuminate\\Pipeline\\Pipeline->Illuminate\\Pipeline\\{closure}()
#50 D:\\Kuliah\\SEMESTER 8 'n' SKRIPSI\\PEMROGRAMAN WEB LANJUT\\baru\\laravel-sb-admin-2-master\\laravel-sb-admin-2-master\\vendor\\laravel\\framework\\src\\Illuminate\\Pipeline\\Pipeline.php(167): Illuminate\\Foundation\\Http\\Middleware\\PreventRequestsDuringMaintenance->handle()
#51 D:\\Kuliah\\SEMESTER 8 'n' SKRIPSI\\PEMROGRAMAN WEB LANJUT\\baru\\laravel-sb-admin-2-master\\laravel-sb-admin-2-master\\vendor\\fruitcake\\laravel-cors\\src\\HandleCors.php(38): Illuminate\\Pipeline\\Pipeline->Illuminate\\Pipeline\\{closure}()
#52 D:\\Kuliah\\SEMESTER 8 'n' SKRIPSI\\PEMROGRAMAN WEB LANJUT\\baru\\laravel-sb-admin-2-master\\laravel-sb-admin-2-master\\vendor\\laravel\\framework\\src\\Illuminate\\Pipeline\\Pipeline.php(167): Fruitcake\\Cors\\HandleCors->handle()
#53 D:\\Kuliah\\SEMESTER 8 'n' SKRIPSI\\PEMROGRAMAN WEB LANJUT\\baru\\laravel-sb-admin-2-master\\laravel-sb-admin-2-master\\vendor\\fideloper\\proxy\\src\\TrustProxies.php(57): Illuminate\\Pipeline\\Pipeline->Illuminate\\Pipeline\\{closure}()
#54 D:\\Kuliah\\SEMESTER 8 'n' SKRIPSI\\PEMROGRAMAN WEB LANJUT\\baru\\laravel-sb-admin-2-master\\laravel-sb-admin-2-master\\vendor\\laravel\\framework\\src\\Illuminate\\Pipeline\\Pipeline.php(167): Fideloper\\Proxy\\TrustProxies->handle()
#55 D:\\Kuliah\\SEMESTER 8 'n' SKRIPSI\\PEMROGRAMAN WEB LANJUT\\baru\\laravel-sb-admin-2-master\\laravel-sb-admin-2-master\\vendor\\laravel\\framework\\src\\Illuminate\\Pipeline\\Pipeline.php(103): Illuminate\\Pipeline\\Pipeline->Illuminate\\Pipeline\\{closure}()
#56 D:\\Kuliah\\SEMESTER 8 'n' SKRIPSI\\PEMROGRAMAN WEB LANJUT\\baru\\laravel-sb-admin-2-master\\laravel-sb-admin-2-master\\vendor\\laravel\\framework\\src\\Illuminate\\Foundation\\Http\\Kernel.php(142): Illuminate\\Pipeline\\Pipeline->then()
#57 D:\\Kuliah\\SEMESTER 8 'n' SKRIPSI\\PEMROGRAMAN WEB LANJUT\\baru\\laravel-sb-admin-2-master\\laravel-sb-admin-2-master\\vendor\\laravel\\framework\\src\\Illuminate\\Foundation\\Http\\Kernel.php(111): Illuminate\\Foundation\\Http\\Kernel->sendRequestThroughRouter()
#58 D:\\Kuliah\\SEMESTER 8 'n' SKRIPSI\\PEMROGRAMAN WEB LANJUT\\baru\\laravel-sb-admin-2-master\\laravel-sb-admin-2-master\\public\\index.php(55): Illuminate\\Foundation\\Http\\Kernel->handle()
#59 D:\\Kuliah\\SEMESTER 8 'n' SKRIPSI\\PEMROGRAMAN WEB LANJUT\\baru\\laravel-sb-admin-2-master\\laravel-sb-admin-2-master\\server.php(21): require_once('D:\\\\Kuliah\\\\SEMES...')
#60 {main}

[previous exception] [object] (PDOException(code: 2002): SQLSTATE[HY000] [2002] No connection could be made because the target machine actively refused it.
 at D:\\Kuliah\\SEMESTER 8 'n' SKRIPSI\\PEMROGRAMAN WEB LANJUT\\baru\\laravel-sb-admin-2-master\\laravel-sb-admin-2-master\\vendor\\laravel\\framework\\src\\Illuminate\\Database\\Connectors\\Connector.php:70)
[stacktrace]
#0 D:\\Kuliah\\SEMESTER 8 'n' SKRIPSI\\PEMROGRAMAN WEB LANJUT\\baru\\laravel-sb-admin-2-master\\laravel-sb-admin-2-master\\vendor\\laravel\\framework\\src\\Illuminate\\Database\\Connectors\\Connector.php(70): PDO->__construct()
#1 D:\\Kuliah\\SEMESTER 8 'n' SKRIPSI\\PEMROGRAMAN WEB LANJUT\\baru\\laravel-sb-admin-2-master\\laravel-sb-admin-2-master\\vendor\\laravel\\framework\\src\\Illuminate\\Database\\Connectors\\Connector.php(46): Illuminate\\Database\\Connectors\\Connector->createPdoConnection()
#2 D:\\Kuliah\\SEMESTER 8 'n' SKRIPSI\\PEMROGRAMAN WEB LANJUT\\baru\\laravel-sb-admin-2-master\\laravel-sb-admin-2-master\\vendor\\laravel\\framework\\src\\Illuminate\\Database\\Connectors\\MySqlConnector.php(24): Illuminate\\Database\\Connectors\\Connector->createConnection()
#3 D:\\Kuliah\\SEMESTER 8 'n' SKRIPSI\\PEMROGRAMAN WEB LANJUT\\baru\\laravel-sb-admin-2-master\\laravel-sb-admin-2-master\\vendor\\laravel\\framework\\src\\Illuminate\\Database\\Connectors\\ConnectionFactory.php(184): Illuminate\\Database\\Connectors\\MySqlConnector->connect()
#4 [internal function]: Illuminate\\Database\\Connectors\\ConnectionFactory->Illuminate\\Database\\Connectors\\{closure}()
#5 D:\\Kuliah\\SEMESTER 8 'n' SKRIPSI\\PEMROGRAMAN WEB LANJUT\\baru\\laravel-sb-admin-2-master\\laravel-sb-admin-2-master\\vendor\\laravel\\framework\\src\\Illuminate\\Database\\Connection.php(1064): call_user_func()
#6 D:\\Kuliah\\SEMESTER 8 'n' SKRIPSI\\PEMROGRAMAN WEB LANJUT\\baru\\laravel-sb-admin-2-master\\laravel-sb-admin-2-master\\vendor\\laravel\\framework\\src\\Illuminate\\Database\\Connection.php(1100): Illuminate\\Database\\Connection->getPdo()
#7 D:\\Kuliah\\SEMESTER 8 'n' SKRIPSI\\PEMROGRAMAN WEB LANJUT\\baru\\laravel-sb-admin-2-master\\laravel-sb-admin-2-master\\vendor\\laravel\\framework\\src\\Illuminate\\Database\\Connection.php(442): Illuminate\\Database\\Connection->getReadPdo()
#8 D:\\Kuliah\\SEMESTER 8 'n' SKRIPSI\\PEMROGRAMAN WEB LANJUT\\baru\\laravel-sb-admin-2-master\\laravel-sb-admin-2-master\\vendor\\laravel\\framework\\src\\Illuminate\\Database\\Connection.php(368): Illuminate\\Database\\Connection->getPdoForSelect()
#9 D:\\Kuliah\\SEMESTER 8 'n' SKRIPSI\\PEMROGRAMAN WEB LANJUT\\baru\\laravel-sb-admin-2-master\\laravel-sb-admin-2-master\\vendor\\laravel\\framework\\src\\Illuminate\\Database\\Connection.php(705): Illuminate\\Database\\Connection->Illuminate\\Database\\{closure}()
#10 D:\\Kuliah\\SEMESTER 8 'n' SKRIPSI\\PEMROGRAMAN WEB LANJUT\\baru\\laravel-sb-admin-2-master\\laravel-sb-admin-2-master\\vendor\\laravel\\framework\\src\\Illuminate\\Database\\Connection.php(672): Illuminate\\Database\\Connection->runQueryCallback()
#11 D:\\Kuliah\\SEMESTER 8 'n' SKRIPSI\\PEMROGRAMAN WEB LANJUT\\baru\\laravel-sb-admin-2-master\\laravel-sb-admin-2-master\\vendor\\laravel\\framework\\src\\Illuminate\\Database\\Connection.php(376): Illuminate\\Database\\Connection->run()
#12 D:\\Kuliah\\SEMESTER 8 'n' SKRIPSI\\PEMROGRAMAN WEB LANJUT\\baru\\laravel-sb-admin-2-master\\laravel-sb-admin-2-master\\vendor\\laravel\\framework\\src\\Illuminate\\Database\\Query\\Builder.php(2414): Illuminate\\Database\\Connection->select()
#13 D:\\Kuliah\\SEMESTER 8 'n' SKRIPSI\\PEMROGRAMAN WEB LANJUT\\baru\\laravel-sb-admin-2-master\\laravel-sb-admin-2-master\\vendor\\laravel\\framework\\src\\Illuminate\\Database\\Query\\Builder.php(2402): Illuminate\\Database\\Query\\Builder->runSelect()
#14 D:\\Kuliah\\SEMESTER 8 'n' SKRIPSI\\PEMROGRAMAN WEB LANJUT\\baru\\laravel-sb-admin-2-master\\laravel-sb-admin-2-master\\vendor\\laravel\\framework\\src\\Illuminate\\Database\\Query\\Builder.php(2936): Illuminate\\Database\\Query\\Builder->Illuminate\\Database\\Query\\{closure}()
#15 D:\\Kuliah\\SEMESTER 8 'n' SKRIPSI\\PEMROGRAMAN WEB LANJUT\\baru\\laravel-sb-admin-2-master\\laravel-sb-admin-2-master\\vendor\\laravel\\framework\\src\\Illuminate\\Database\\Query\\Builder.php(2403): Illuminate\\Database\\Query\\Builder->onceWithColumns()
#16 D:\\Kuliah\\SEMESTER 8 'n' SKRIPSI\\PEMROGRAMAN WEB LANJUT\\baru\\laravel-sb-admin-2-master\\laravel-sb-admin-2-master\\vendor\\laravel\\framework\\src\\Illuminate\\Database\\Eloquent\\Builder.php(625): Illuminate\\Database\\Query\\Builder->get()
#17 D:\\Kuliah\\SEMESTER 8 'n' SKRIPSI\\PEMROGRAMAN WEB LANJUT\\baru\\laravel-sb-admin-2-master\\laravel-sb-admin-2-master\\vendor\\laravel\\framework\\src\\Illuminate\\Database\\Eloquent\\Builder.php(609): Illuminate\\Database\\Eloquent\\Builder->getModels()
#18 D:\\Kuliah\\SEMESTER 8 'n' SKRIPSI\\PEMROGRAMAN WEB LANJUT\\baru\\laravel-sb-admin-2-master\\laravel-sb-admin-2-master\\vendor\\laravel\\framework\\src\\Illuminate\\Database\\Concerns\\BuildsQueries.php(294): Illuminate\\Database\\Eloquent\\Builder->get()
#19 D:\\Kuliah\\SEMESTER 8 'n' SKRIPSI\\PEMROGRAMAN WEB LANJUT\\baru\\laravel-sb-admin-2-master\\laravel-sb-admin-2-master\\vendor\\laravel\\framework\\src\\Illuminate\\Auth\\EloquentUserProvider.php(134): Illuminate\\Database\\Eloquent\\Builder->first()
#20 D:\\Kuliah\\SEMESTER 8 'n' SKRIPSI\\PEMROGRAMAN WEB LANJUT\\baru\\laravel-sb-admin-2-master\\laravel-sb-admin-2-master\\vendor\\laravel\\framework\\src\\Illuminate\\Auth\\SessionGuard.php(366): Illuminate\\Auth\\EloquentUserProvider->retrieveByCredentials()
#21 D:\\Kuliah\\SEMESTER 8 'n' SKRIPSI\\PEMROGRAMAN WEB LANJUT\\baru\\laravel-sb-admin-2-master\\laravel-sb-admin-2-master\\vendor\\laravel\\ui\\auth-backend\\AuthenticatesUsers.php(87): Illuminate\\Auth\\SessionGuard->attempt()
#22 D:\\Kuliah\\SEMESTER 8 'n' SKRIPSI\\PEMROGRAMAN WEB LANJUT\\baru\\laravel-sb-admin-2-master\\laravel-sb-admin-2-master\\vendor\\laravel\\ui\\auth-backend\\AuthenticatesUsers.php(46): App\\Http\\Controllers\\Auth\\LoginController->attemptLogin()
#23 D:\\Kuliah\\SEMESTER 8 'n' SKRIPSI\\PEMROGRAMAN WEB LANJUT\\baru\\laravel-sb-admin-2-master\\laravel-sb-admin-2-master\\vendor\\laravel\\framework\\src\\Illuminate\\Routing\\Controller.php(54): App\\Http\\Controllers\\Auth\\LoginController->login()
#24 D:\\Kuliah\\SEMESTER 8 'n' SKRIPSI\\PEMROGRAMAN WEB LANJUT\\baru\\laravel-sb-admin-2-master\\laravel-sb-admin-2-master\\vendor\\laravel\\framework\\src\\Illuminate\\Routing\\ControllerDispatcher.php(45): Illuminate\\Routing\\Controller->callAction()
#25 D:\\Kuliah\\SEMESTER 8 'n' SKRIPSI\\PEMROGRAMAN WEB LANJUT\\baru\\laravel-sb-admin-2-master\\laravel-sb-admin-2-master\\vendor\\laravel\\framework\\src\\Illuminate\\Routing\\Route.php(262): Illuminate\\Routing\\ControllerDispatcher->dispatch()
#26 D:\\Kuliah\\SEMESTER 8 'n' SKRIPSI\\PEMROGRAMAN WEB LANJUT\\baru\\laravel-sb-admin-2-master\\laravel-sb-admin-2-master\\vendor\\laravel\\framework\\src\\Illuminate\\Routing\\Route.php(205): Illuminate\\Routing\\Route->runController()
#27 D:\\Kuliah\\SEMESTER 8 'n' SKRIPSI\\PEMROGRAMAN WEB LANJUT\\baru\\laravel-sb-admin-2-master\\laravel-sb-admin-2-master\\vendor\\laravel\\framework\\src\\Illuminate\\Routing\\Router.php(721): Illuminate\\Routing\\Route->run()
#28 D:\\Kuliah\\SEMESTER 8 'n' SKRIPSI\\PEMROGRAMAN WEB LANJUT\\baru\\laravel-sb-admin-2-master\\laravel-sb-admin-2-master\\vendor\\laravel\\framework\\src\\Illuminate\\Pipeline\\Pipeline.php(128): Illuminate\\Routing\\Router->Illuminate\\Routing\\{closure}()
#29 D:\\Kuliah\\SEMESTER 8 'n' SKRIPSI\\PEMROGRAMAN WEB LANJUT\\baru\\laravel-sb-admin-2-master\\laravel-sb-admin-2-master\\app\\Http\\Middleware\\RedirectIfAuthenticated.php(25): Illuminate\\Pipeline\\Pipeline->Illuminate\\Pipeline\\{closure}()
#30 D:\\Kuliah\\SEMESTER 8 'n' SKRIPSI\\PEMROGRAMAN WEB LANJUT\\baru\\laravel-sb-admin-2-master\\laravel-sb-admin-2-master\\vendor\\laravel\\framework\\src\\Illuminate\\Pipeline\\Pipeline.php(167): App\\Http\\Middleware\\RedirectIfAuthenticated->handle()
#31 D:\\Kuliah\\SEMESTER 8 'n' SKRIPSI\\PEMROGRAMAN WEB LANJUT\\baru\\laravel-sb-admin-2-master\\laravel-sb-admin-2-master\\vendor\\laravel\\framework\\src\\Illuminate\\Routing\\Middleware\\SubstituteBindings.php(50): Illuminate\\Pipeline\\Pipeline->Illuminate\\Pipeline\\{closure}()
#32 D:\\Kuliah\\SEMESTER 8 'n' SKRIPSI\\PEMROGRAMAN WEB LANJUT\\baru\\laravel-sb-admin-2-master\\laravel-sb-admin-2-master\\vendor\\laravel\\framework\\src\\Illuminate\\Pipeline\\Pipeline.php(167): Illuminate\\Routing\\Middleware\\SubstituteBindings->handle()
#33 D:\\Kuliah\\SEMESTER 8 'n' SKRIPSI\\PEMROGRAMAN WEB LANJUT\\baru\\laravel-sb-admin-2-master\\laravel-sb-admin-2-master\\vendor\\laravel\\framework\\src\\Illuminate\\Foundation\\Http\\Middleware\\VerifyCsrfToken.php(78): Illuminate\\Pipeline\\Pipeline->Illuminate\\Pipeline\\{closure}()
#34 D:\\Kuliah\\SEMESTER 8 'n' SKRIPSI\\PEMROGRAMAN WEB LANJUT\\baru\\laravel-sb-admin-2-master\\laravel-sb-admin-2-master\\vendor\\laravel\\framework\\src\\Illuminate\\Pipeline\\Pipeline.php(167): Illuminate\\Foundation\\Http\\Middleware\\VerifyCsrfToken->handle()
#35 D:\\Kuliah\\SEMESTER 8 'n' SKRIPSI\\PEMROGRAMAN WEB LANJUT\\baru\\laravel-sb-admin-2-master\\laravel-sb-admin-2-master\\vendor\\laravel\\framework\\src\\Illuminate\\View\\Middleware\\ShareErrorsFromSession.php(49): Illuminate\\Pipeline\\Pipeline->Illuminate\\Pipeline\\{closure}()
#36 D:\\Kuliah\\SEMESTER 8 'n' SKRIPSI\\PEMROGRAMAN WEB LANJUT\\baru\\laravel-sb-admin-2-master\\laravel-sb-admin-2-master\\vendor\\laravel\\framework\\src\\Illuminate\\Pipeline\\Pipeline.php(167): Illuminate\\View\\Middleware\\ShareErrorsFromSession->handle()
#37 D:\\Kuliah\\SEMESTER 8 'n' SKRIPSI\\PEMROGRAMAN WEB LANJUT\\baru\\laravel-sb-admin-2-master\\laravel-sb-admin-2-master\\vendor\\laravel\\framework\\src\\Illuminate\\Session\\Middleware\\StartSession.php(121): Illuminate\\Pipeline\\Pipeline->Illuminate\\Pipeline\\{closure}()
#38 D:\\Kuliah\\SEMESTER 8 'n' SKRIPSI\\PEMROGRAMAN WEB LANJUT\\baru\\laravel-sb-admin-2-master\\laravel-sb-admin-2-master\\vendor\\laravel\\framework\\src\\Illuminate\\Session\\Middleware\\StartSession.php(64): Illuminate\\Session\\Middleware\\StartSession->handleStatefulRequest()
#39 D:\\Kuliah\\SEMESTER 8 'n' SKRIPSI\\PEMROGRAMAN WEB LANJUT\\baru\\laravel-sb-admin-2-master\\laravel-sb-admin-2-master\\vendor\\laravel\\framework\\src\\Illuminate\\Pipeline\\Pipeline.php(167): Illuminate\\Session\\Middleware\\StartSession->handle()
#40 D:\\Kuliah\\SEMESTER 8 'n' SKRIPSI\\PEMROGRAMAN WEB LANJUT\\baru\\laravel-sb-admin-2-master\\laravel-sb-admin-2-master\\vendor\\laravel\\framework\\src\\Illuminate\\Cookie\\Middleware\\AddQueuedCookiesToResponse.php(37): Illuminate\\Pipeline\\Pipeline->Illuminate\\Pipeline\\{closure}()
#41 D:\\Kuliah\\SEMESTER 8 'n' SKRIPSI\\PEMROGRAMAN WEB LANJUT\\baru\\laravel-sb-admin-2-master\\laravel-sb-admin-2-master\\vendor\\laravel\\framework\\src\\Illuminate\\Pipeline\\Pipeline.php(167): Illuminate\\Cookie\\Middleware\\AddQueuedCookiesToResponse->handle()
#42 D:\\Kuliah\\SEMESTER 8 'n' SKRIPSI\\PEMROGRAMAN WEB LANJUT\\baru\\laravel-sb-admin-2-master\\laravel-sb-admin-2-master\\vendor\\laravel\\framework\\src\\Illuminate\\Cookie\\Middleware\\EncryptCookies.php(67): Illuminate\\Pipeline\\Pipeline->Illuminate\\Pipeline\\{closure}()
#43 D:\\Kuliah\\SEMESTER 8 'n' SKRIPSI\\PEMROGRAMAN WEB LANJUT\\baru\\laravel-sb-admin-2-master\\laravel-sb-admin-2-master\\vendor\\laravel\\framework\\src\\Illuminate\\Pipeline\\Pipeline.php(167): Illuminate\\Cookie\\Middleware\\EncryptCookies->handle()
#44 D:\\Kuliah\\SEMESTER 8 'n' SKRIPSI\\PEMROGRAMAN WEB LANJUT\\baru\\laravel-sb-admin-2-master\\laravel-sb-admin-2-master\\vendor\\laravel\\framework\\src\\Illuminate\\Pipeline\\Pipeline.php(103): Illuminate\\Pipeline\\Pipeline->Illuminate\\Pipeline\\{closure}()
#45 D:\\Kuliah\\SEMESTER 8 'n' SKRIPSI\\PEMROGRAMAN WEB LANJUT\\baru\\laravel-sb-admin-2-master\\laravel-sb-admin-2-master\\vendor\\laravel\\framework\\src\\Illuminate\\Routing\\Router.php(723): Illuminate\\Pipeline\\Pipeline->then()
#46 D:\\Kuliah\\SEMESTER 8 'n' SKRIPSI\\PEMROGRAMAN WEB LANJUT\\baru\\laravel-sb-admin-2-master\\laravel-sb-admin-2-master\\vendor\\laravel\\framework\\src\\Illuminate\\Routing\\Router.php(698): Illuminate\\Routing\\Router->runRouteWithinStack()
#47 D:\\Kuliah\\SEMESTER 8 'n' SKRIPSI\\PEMROGRAMAN WEB LANJUT\\baru\\laravel-sb-admin-2-master\\laravel-sb-admin-2-master\\vendor\\laravel\\framework\\src\\Illuminate\\Routing\\Router.php(662): Illuminate\\Routing\\Router->runRoute()
#48 D:\\Kuliah\\SEMESTER 8 'n' SKRIPSI\\PEMROGRAMAN WEB LANJUT\\baru\\laravel-sb-admin-2-master\\laravel-sb-admin-2-master\\vendor\\laravel\\framework\\src\\Illuminate\\Routing\\Router.php(651): Illuminate\\Routing\\Router->dispatchToRoute()
#49 D:\\Kuliah\\SEMESTER 8 'n' SKRIPSI\\PEMROGRAMAN WEB LANJUT\\baru\\laravel-sb-admin-2-master\\laravel-sb-admin-2-master\\vendor\\laravel\\framework\\src\\Illuminate\\Foundation\\Http\\Kernel.php(167): Illuminate\\Routing\\Router->dispatch()
#50 D:\\Kuliah\\SEMESTER 8 'n' SKRIPSI\\PEMROGRAMAN WEB LANJUT\\baru\\laravel-sb-admin-2-master\\laravel-sb-admin-2-master\\vendor\\laravel\\framework\\src\\Illuminate\\Pipeline\\Pipeline.php(128): Illuminate\\Foundation\\Http\\Kernel->Illuminate\\Foundation\\Http\\{closure}()
#51 D:\\Kuliah\\SEMESTER 8 'n' SKRIPSI\\PEMROGRAMAN WEB LANJUT\\baru\\laravel-sb-admin-2-master\\laravel-sb-admin-2-master\\vendor\\laravel\\framework\\src\\Illuminate\\Foundation\\Http\\Middleware\\TransformsRequest.php(21): Illuminate\\Pipeline\\Pipeline->Illuminate\\Pipeline\\{closure}()
#52 D:\\Kuliah\\SEMESTER 8 'n' SKRIPSI\\PEMROGRAMAN WEB LANJUT\\baru\\laravel-sb-admin-2-master\\laravel-sb-admin-2-master\\vendor\\laravel\\framework\\src\\Illuminate\\Foundation\\Http\\Middleware\\ConvertEmptyStringsToNull.php(31): Illuminate\\Foundation\\Http\\Middleware\\TransformsRequest->handle()
#53 D:\\Kuliah\\SEMESTER 8 'n' SKRIPSI\\PEMROGRAMAN WEB LANJUT\\baru\\laravel-sb-admin-2-master\\laravel-sb-admin-2-master\\vendor\\laravel\\framework\\src\\Illuminate\\Pipeline\\Pipeline.php(167): Illuminate\\Foundation\\Http\\Middleware\\ConvertEmptyStringsToNull->handle()
#54 D:\\Kuliah\\SEMESTER 8 'n' SKRIPSI\\PEMROGRAMAN WEB LANJUT\\baru\\laravel-sb-admin-2-master\\laravel-sb-admin-2-master\\vendor\\laravel\\framework\\src\\Illuminate\\Foundation\\Http\\Middleware\\TransformsRequest.php(21): Illuminate\\Pipeline\\Pipeline->Illuminate\\Pipeline\\{closure}()
#55 D:\\Kuliah\\SEMESTER 8 'n' SKRIPSI\\PEMROGRAMAN WEB LANJUT\\baru\\laravel-sb-admin-2-master\\laravel-sb-admin-2-master\\vendor\\laravel\\framework\\src\\Illuminate\\Foundation\\Http\\Middleware\\TrimStrings.php(40): Illuminate\\Foundation\\Http\\Middleware\\TransformsRequest->handle()
#56 D:\\Kuliah\\SEMESTER 8 'n' SKRIPSI\\PEMROGRAMAN WEB LANJUT\\baru\\laravel-sb-admin-2-master\\laravel-sb-admin-2-master\\vendor\\laravel\\framework\\src\\Illuminate\\Pipeline\\Pipeline.php(167): Illuminate\\Foundation\\Http\\Middleware\\TrimStrings->handle()
#57 D:\\Kuliah\\SEMESTER 8 'n' SKRIPSI\\PEMROGRAMAN WEB LANJUT\\baru\\laravel-sb-admin-2-master\\laravel-sb-admin-2-master\\vendor\\laravel\\framework\\src\\Illuminate\\Foundation\\Http\\Middleware\\ValidatePostSize.php(27): Illuminate\\Pipeline\\Pipeline->Illuminate\\Pipeline\\{closure}()
#58 D:\\Kuliah\\SEMESTER 8 'n' SKRIPSI\\PEMROGRAMAN WEB LANJUT\\baru\\laravel-sb-admin-2-master\\laravel-sb-admin-2-master\\vendor\\laravel\\framework\\src\\Illuminate\\Pipeline\\Pipeline.php(167): Illuminate\\Foundation\\Http\\Middleware\\ValidatePostSize->handle()
#59 D:\\Kuliah\\SEMESTER 8 'n' SKRIPSI\\PEMROGRAMAN WEB LANJUT\\baru\\laravel-sb-admin-2-master\\laravel-sb-admin-2-master\\vendor\\laravel\\framework\\src\\Illuminate\\Foundation\\Http\\Middleware\\PreventRequestsDuringMaintenance.php(86): Illuminate\\Pipeline\\Pipeline->Illuminate\\Pipeline\\{closure}()
#60 D:\\Kuliah\\SEMESTER 8 'n' SKRIPSI\\PEMROGRAMAN WEB LANJUT\\baru\\laravel-sb-admin-2-master\\laravel-sb-admin-2-master\\vendor\\laravel\\framework\\src\\Illuminate\\Pipeline\\Pipeline.php(167): Illuminate\\Foundation\\Http\\Middleware\\PreventRequestsDuringMaintenance->handle()
#61 D:\\Kuliah\\SEMESTER 8 'n' SKRIPSI\\PEMROGRAMAN WEB LANJUT\\baru\\laravel-sb-admin-2-master\\laravel-sb-admin-2-master\\vendor\\fruitcake\\laravel-cors\\src\\HandleCors.php(38): Illuminate\\Pipeline\\Pipeline->Illuminate\\Pipeline\\{closure}()
#62 D:\\Kuliah\\SEMESTER 8 'n' SKRIPSI\\PEMROGRAMAN WEB LANJUT\\baru\\laravel-sb-admin-2-master\\laravel-sb-admin-2-master\\vendor\\laravel\\framework\\src\\Illuminate\\Pipeline\\Pipeline.php(167): Fruitcake\\Cors\\HandleCors->handle()
#63 D:\\Kuliah\\SEMESTER 8 'n' SKRIPSI\\PEMROGRAMAN WEB LANJUT\\baru\\laravel-sb-admin-2-master\\laravel-sb-admin-2-master\\vendor\\fideloper\\proxy\\src\\TrustProxies.php(57): Illuminate\\Pipeline\\Pipeline->Illuminate\\Pipeline\\{closure}()
#64 D:\\Kuliah\\SEMESTER 8 'n' SKRIPSI\\PEMROGRAMAN WEB LANJUT\\baru\\laravel-sb-admin-2-master\\laravel-sb-admin-2-master\\vendor\\laravel\\framework\\src\\Illuminate\\Pipeline\\Pipeline.php(167): Fideloper\\Proxy\\TrustProxies->handle()
#65 D:\\Kuliah\\SEMESTER 8 'n' SKRIPSI\\PEMROGRAMAN WEB LANJUT\\baru\\laravel-sb-admin-2-master\\laravel-sb-admin-2-master\\vendor\\laravel\\framework\\src\\Illuminate\\Pipeline\\Pipeline.php(103): Illuminate\\Pipeline\\Pipeline->Illuminate\\Pipeline\\{closure}()
#66 D:\\Kuliah\\SEMESTER 8 'n' SKRIPSI\\PEMROGRAMAN WEB LANJUT\\baru\\laravel-sb-admin-2-master\\laravel-sb-admin-2-master\\vendor\\laravel\\framework\\src\\Illuminate\\Foundation\\Http\\Kernel.php(142): Illuminate\\Pipeline\\Pipeline->then()
#67 D:\\Kuliah\\SEMESTER 8 'n' SKRIPSI\\PEMROGRAMAN WEB LANJUT\\baru\\laravel-sb-admin-2-master\\laravel-sb-admin-2-master\\vendor\\laravel\\framework\\src\\Illuminate\\Foundation\\Http\\Kernel.php(111): Illuminate\\Foundation\\Http\\Kernel->sendRequestThroughRouter()
#68 D:\\Kuliah\\SEMESTER 8 'n' SKRIPSI\\PEMROGRAMAN WEB LANJUT\\baru\\laravel-sb-admin-2-master\\laravel-sb-admin-2-master\\public\\index.php(55): Illuminate\\Foundation\\Http\\Kernel->handle()
#69 D:\\Kuliah\\SEMESTER 8 'n' SKRIPSI\\PEMROGRAMAN WEB LANJUT\\baru\\laravel-sb-admin-2-master\\laravel-sb-admin-2-master\\server.php(21): require_once('D:\\\\Kuliah\\\\SEMES...')
#70 {main}
"} 
